<?xml version="1.0" encoding="UTF-8"?>
<!-- Generated by org.testng.reporters.JUnitXMLReporter -->
<testsuite ignored="0" hostname="DESKTOP-50S9T1E" failures="0" tests="10" name="Surefire test" time="24.787" errors="0" timestamp="2024-03-05T06:40:32 IST">
  <testcase classname="api.test.DDTests" name="testPostuser" time="5.2"/>
  <testcase classname="api.test.DDTests" name="testPostuser" time="1.326"/>
  <testcase classname="api.test.DDTests" name="testPostuser" time="1.293"/>
  <testcase classname="api.test.DDTests" name="testdeleteUserByName" time="1.334"/>
  <testcase classname="api.test.DDTests" name="testdeleteUserByName" time="1.277"/>
  <testcase classname="api.test.DDTests" name="testdeleteUserByName" time="1.252"/>
  <testcase classname="api.test.UserTests" name="testPostUser" time="1.45"/>
  <testcase classname="api.test.UserTests" name="testGetUserByName" time="1.626"/>
  <testcase classname="api.test.UserTests" name="testUpdateUserByName" time="2.746"/>
  <testcase classname="api.test.UserTests" name="testdeleteUserByName" time="2.289"/>
</testsuite> <!-- Surefire test -->
