<?xml version="1.0" encoding="UTF-8"?>
<!-- Generated by org.testng.reporters.JUnitXMLReporter -->
<testsuite ignored="0" hostname="DESKTOP-50S9T1E" failures="0" tests="4" name="Default test" time="21.778" errors="0" timestamp="2024-03-04T21:15:20 IST">
  <testcase classname="api.test.UserTests" name="testPostUser" time="12.119"/>
  <testcase classname="api.test.UserTests" name="testGetUserByName" time="1.431"/>
  <testcase classname="api.test.UserTests" name="testUpdateUserByName" time="2.685"/>
  <testcase classname="api.test.UserTests" name="testdeleteUserByName" time="1.294"/>
</testsuite> <!-- Default test -->
