<?xml version="1.0" encoding="UTF-8"?>
<testng-results ignored="0" total="4" passed="4" failed="0" skipped="0">
  <reporter-output>
  </reporter-output>
  <suite started-at="2024-03-05T07:07:13 IST" name="PetSuite" finished-at="2024-03-05T07:07:31 IST" duration-ms="17823">
    <groups>
    </groups>
    <test started-at="2024-03-05T07:07:13 IST" name="PetTests" finished-at="2024-03-05T07:07:31 IST" duration-ms="17823">
      <class name="api.test.UserTests">
        <test-method is-config="true" signature="setupdata()[pri:0, instance:api.test.UserTests@5e0826e7]" started-at="2024-03-05T07:07:14 IST" name="setupdata" finished-at="2024-03-05T07:07:19 IST" duration-ms="4912" status="PASS">
          <reporter-output>
          </reporter-output>
        </test-method> <!-- setupdata -->
        <test-method signature="testPostUser()[pri:1, instance:api.test.UserTests@5e0826e7]" started-at="2024-03-05T07:07:19 IST" name="testPostUser" finished-at="2024-03-05T07:07:25 IST" duration-ms="6362" status="PASS">
          <reporter-output>
          </reporter-output>
        </test-method> <!-- testPostUser -->
        <test-method signature="testGetUserByName()[pri:2, instance:api.test.UserTests@5e0826e7]" started-at="2024-03-05T07:07:25 IST" name="testGetUserByName" finished-at="2024-03-05T07:07:27 IST" duration-ms="1468" status="PASS">
          <reporter-output>
          </reporter-output>
        </test-method> <!-- testGetUserByName -->
        <test-method signature="testUpdateUserByName()[pri:3, instance:api.test.UserTests@5e0826e7]" started-at="2024-03-05T07:07:27 IST" name="testUpdateUserByName" finished-at="2024-03-05T07:07:30 IST" duration-ms="2969" status="PASS">
          <reporter-output>
          </reporter-output>
        </test-method> <!-- testUpdateUserByName -->
        <test-method signature="testdeleteUserByName()[pri:4, instance:api.test.UserTests@5e0826e7]" started-at="2024-03-05T07:07:30 IST" name="testdeleteUserByName" finished-at="2024-03-05T07:07:31 IST" duration-ms="1335" status="PASS">
          <reporter-output>
          </reporter-output>
        </test-method> <!-- testdeleteUserByName -->
      </class> <!-- api.test.UserTests -->
    </test> <!-- PetTests -->
  </suite> <!-- PetSuite -->
</testng-results>
