<?xml version="1.0" encoding="UTF-8"?>
<testng-results ignored="0" total="4" passed="4" failed="0" skipped="0">
  <reporter-output>
  </reporter-output>
  <suite started-at="2024-03-05T15:31:02 IST" name="PetSuite" finished-at="2024-03-05T15:31:19 IST" duration-ms="16974">
    <groups>
    </groups>
    <test started-at="2024-03-05T15:31:02 IST" name="PetTests" finished-at="2024-03-05T15:31:19 IST" duration-ms="16974">
      <class name="api.test.UserTests">
        <test-method is-config="true" signature="setupdata()[pri:0, instance:api.test.UserTests@4310d43]" started-at="2024-03-05T15:31:03 IST" name="setupdata" finished-at="2024-03-05T15:31:06 IST" duration-ms="2734" status="PASS">
          <reporter-output>
          </reporter-output>
        </test-method> <!-- setupdata -->
        <test-method signature="testPostUser()[pri:1, instance:api.test.UserTests@4310d43]" started-at="2024-03-05T15:31:06 IST" name="testPostUser" finished-at="2024-03-05T15:31:13 IST" duration-ms="7407" status="PASS">
          <reporter-output>
          </reporter-output>
        </test-method> <!-- testPostUser -->
        <test-method signature="testGetUserByName()[pri:2, instance:api.test.UserTests@4310d43]" started-at="2024-03-05T15:31:13 IST" name="testGetUserByName" finished-at="2024-03-05T15:31:15 IST" duration-ms="1377" status="PASS">
          <reporter-output>
          </reporter-output>
        </test-method> <!-- testGetUserByName -->
        <test-method signature="testUpdateUserByName()[pri:3, instance:api.test.UserTests@4310d43]" started-at="2024-03-05T15:31:15 IST" name="testUpdateUserByName" finished-at="2024-03-05T15:31:17 IST" duration-ms="2730" status="PASS">
          <reporter-output>
          </reporter-output>
        </test-method> <!-- testUpdateUserByName -->
        <test-method signature="testdeleteUserByName()[pri:4, instance:api.test.UserTests@4310d43]" started-at="2024-03-05T15:31:17 IST" name="testdeleteUserByName" finished-at="2024-03-05T15:31:19 IST" duration-ms="1327" status="PASS">
          <reporter-output>
          </reporter-output>
        </test-method> <!-- testdeleteUserByName -->
      </class> <!-- api.test.UserTests -->
    </test> <!-- PetTests -->
  </suite> <!-- PetSuite -->
</testng-results>
