<?xml version="1.0" encoding="UTF-8"?>
<testng-results ignored="0" total="3" passed="3" failed="0" skipped="0">
  <reporter-output>
  </reporter-output>
  <suite started-at="2024-03-06T09:18:48 IST" name="Default suite" finished-at="2024-03-06T09:18:58 IST" duration-ms="9467">
    <groups>
    </groups>
    <test started-at="2024-03-06T09:18:48 IST" name="Default test" finished-at="2024-03-06T09:18:58 IST" duration-ms="9467">
      <class name="api.test.StoreTests">
        <test-method is-config="true" signature="SetUpdata()[pri:0, instance:api.test.StoreTests@6340e5f0]" started-at="2024-03-06T09:18:48 IST" name="SetUpdata" finished-at="2024-03-06T09:18:50 IST" duration-ms="1349" status="PASS">
          <reporter-output>
          </reporter-output>
        </test-method> <!-- SetUpdata -->
        <test-method signature="testPlaceOrder()[pri:1, instance:api.test.StoreTests@6340e5f0]" started-at="2024-03-06T09:18:50 IST" name="testPlaceOrder" finished-at="2024-03-06T09:18:55 IST" duration-ms="5418" status="PASS">
          <reporter-output>
          </reporter-output>
        </test-method> <!-- testPlaceOrder -->
        <test-method signature="testGetOrder()[pri:2, instance:api.test.StoreTests@6340e5f0]" started-at="2024-03-06T09:18:55 IST" name="testGetOrder" finished-at="2024-03-06T09:18:56 IST" duration-ms="1343" status="PASS">
          <reporter-output>
          </reporter-output>
        </test-method> <!-- testGetOrder -->
        <test-method signature="testDeleteOrder()[pri:3, instance:api.test.StoreTests@6340e5f0]" started-at="2024-03-06T09:18:56 IST" name="testDeleteOrder" finished-at="2024-03-06T09:18:58 IST" duration-ms="1257" status="PASS">
          <reporter-output>
          </reporter-output>
        </test-method> <!-- testDeleteOrder -->
      </class> <!-- api.test.StoreTests -->
    </test> <!-- Default test -->
  </suite> <!-- Default suite -->
</testng-results>
