<?xml version="1.0" encoding="UTF-8"?>
<!-- Generated by org.testng.reporters.JUnitXMLReporter -->
<testsuite ignored="0" hostname="DESKTOP-50S9T1E" failures="0" tests="4" name="PetTests" time="17.823" errors="0" timestamp="2024-03-05T07:07:32 IST">
  <testcase classname="api.test.UserTests" name="testPostUser" time="6.362"/>
  <testcase classname="api.test.UserTests" name="testGetUserByName" time="1.468"/>
  <testcase classname="api.test.UserTests" name="testUpdateUserByName" time="2.969"/>
  <testcase classname="api.test.UserTests" name="testdeleteUserByName" time="1.335"/>
</testsuite> <!-- PetTests -->
