<?xml version="1.0" encoding="UTF-8"?>
<!-- Generated by org.testng.reporters.JUnitXMLReporter -->
<testsuite ignored="0" hostname="DESKTOP-50S9T1E" failures="0" tests="4" name="PetTests" time="16.974" errors="0" timestamp="2024-03-05T15:31:20 IST">
  <testcase classname="api.test.UserTests" name="testPostUser" time="7.407"/>
  <testcase classname="api.test.UserTests" name="testGetUserByName" time="1.377"/>
  <testcase classname="api.test.UserTests" name="testUpdateUserByName" time="2.73"/>
  <testcase classname="api.test.UserTests" name="testdeleteUserByName" time="1.327"/>
</testsuite> <!-- PetTests -->
